<?xml version="1.0" encoding="UTF-8"?>
<!-- Generated by org.testng.reporters.JUnitReportReporter -->
<testsuite skipped="0" hostname="WKS23" name="com.test.Megneil.opteli.CreatePatient" tests="1" failures="0" timestamp="26 Dec 2018 06:57:58 GMT" time="22.173" errors="0">
  <testcase name="appointmentReport" time="22.173" classname="com.test.Megneil.opteli.CreatePatient"/>
</testsuite> <!-- com.test.Megneil.opteli.CreatePatient -->
