<?xml version="1.0" encoding="UTF-8"?>
<!-- Generated by org.testng.reporters.JUnitReportReporter -->
<testsuite skipped="1" hostname="WKS23" name="com.test.Megneil.opteli.testScripts.TC002_LoginDDT_02" tests="1" failures="0" timestamp="17 Jan 2019 12:29:44 GMT" time="0.000" errors="0">
  <testcase name="loginToOpteli" time="0.000" classname="com.test.Megneil.opteli.testScripts.TC002_LoginDDT_02">
    <skipped/>
  </testcase> <!-- loginToOpteli -->
</testsuite> <!-- com.test.Megneil.opteli.testScripts.TC002_LoginDDT_02 -->
