<?xml version="1.0" encoding="UTF-8"?>
<!-- Generated by org.testng.reporters.JUnitReportReporter -->
<testsuite skipped="0" hostname="WKS23" name="com.test.Megneil.opteli.appointmentReport" tests="1" failures="0" timestamp="27 Dec 2018 13:39:31 GMT" time="60.931" errors="0">
  <testcase name="testAppointmentReport" time="60.931" classname="com.test.Megneil.opteli.appointmentReport"/>
</testsuite> <!-- com.test.Megneil.opteli.appointmentReport -->
