<?xml version="1.0" encoding="UTF-8"?>
<!-- Generated by org.testng.reporters.JUnitReportReporter -->
<testsuite skipped="0" hostname="WKS23" name="module1.OpteliLogin" tests="1" failures="0" timestamp="24 Dec 2018 13:19:34 GMT" time="0.012" errors="0">
  <testcase name="loginSetUp" time="0.012" classname="module1.OpteliLogin"/>
</testsuite> <!-- module1.OpteliLogin -->
