<?xml version="1.0" encoding="UTF-8"?>
<!-- Generated by org.testng.reporters.JUnitReportReporter -->
<testsuite skipped="0" hostname="WKS23" name="com.test.Megneil.opteli.testScripts.TC003_SMSNotifications" tests="1" failures="0" timestamp="16 Jan 2019 12:42:44 GMT" time="49.859" errors="0">
  <testcase name="smsNotificationSettings" time="49.859" classname="com.test.Megneil.opteli.testScripts.TC003_SMSNotifications"/>
</testsuite> <!-- com.test.Megneil.opteli.testScripts.TC003_SMSNotifications -->
