<?xml version="1.0" encoding="UTF-8"?>
<!-- Generated by org.testng.reporters.JUnitReportReporter -->
<testsuite skipped="0" hostname="WKS23" name="com.test.Megneil.opteli.testScripts.TC002_SMSNotifications" tests="11" failures="0" timestamp="14 Jan 2019 14:28:52 GMT" time="56.856" errors="0">
  <testcase name="openNotificationNewTab" time="10.732" classname="com.test.Megneil.opteli.testScripts.TC002_SMSNotifications"/>
  <testcase name="clickUpSaveButton" time="8.652" classname="com.test.Megneil.opteli.testScripts.TC002_SMSNotifications"/>
  <testcase name="clickDownSaveButton" time="0.046" classname="com.test.Megneil.opteli.testScripts.TC002_SMSNotifications"/>
  <testcase name="appointmentHeader" time="0.001" classname="com.test.Megneil.opteli.testScripts.TC002_SMSNotifications"/>
  <testcase name="appointmentConfirmation" time="6.190" classname="com.test.Megneil.opteli.testScripts.TC002_SMSNotifications"/>
  <testcase name="appointmentCancellation" time="6.215" classname="com.test.Megneil.opteli.testScripts.TC002_SMSNotifications"/>
  <testcase name="appointmentNoShow" time="6.203" classname="com.test.Megneil.opteli.testScripts.TC002_SMSNotifications"/>
  <testcase name="appointmentReminder" time="6.254" classname="com.test.Megneil.opteli.testScripts.TC002_SMSNotifications"/>
  <testcase name="appointmentReschedule" time="6.224" classname="com.test.Megneil.opteli.testScripts.TC002_SMSNotifications"/>
  <testcase name="postAppointmentThankYou" time="6.198" classname="com.test.Megneil.opteli.testScripts.TC002_SMSNotifications"/>
  <testcase name="toVerifyCheckboxEnabledorDisabled" time="0.141" classname="com.test.Megneil.opteli.testScripts.TC002_SMSNotifications"/>
</testsuite> <!-- com.test.Megneil.opteli.testScripts.TC002_SMSNotifications -->
