<?xml version="1.0" encoding="UTF-8"?>
<!-- Generated by org.testng.reporters.JUnitReportReporter -->
<testsuite skipped="0" hostname="WKS23" name="com.test.Megneil.opteli.testcases.appointmentReport" tests="1" failures="0" timestamp="02 Jan 2019 08:23:19 GMT" time="23.915" errors="0">
  <testcase name="testAppointmentReport" time="23.915" classname="com.test.Megneil.opteli.testcases.appointmentReport"/>
</testsuite> <!-- com.test.Megneil.opteli.testcases.appointmentReport -->
