<?xml version="1.0" encoding="UTF-8"?>
<!-- Generated by org.testng.reporters.JUnitReportReporter -->
<testsuite skipped="0" hostname="WKS23" name="com.test.Megneil.opteli.testScripts.SMSNotifications" tests="11" failures="0" timestamp="11 Jan 2019 12:22:46 GMT" time="57.704" errors="0">
  <testcase name="openNotificationNewTab" time="10.948" classname="com.test.Megneil.opteli.testScripts.SMSNotifications"/>
  <testcase name="clickUpSaveButton" time="6.190" classname="com.test.Megneil.opteli.testScripts.SMSNotifications"/>
  <testcase name="clickDownSaveButton" time="3.161" classname="com.test.Megneil.opteli.testScripts.SMSNotifications"/>
  <testcase name="appointmentHeader" time="0.002" classname="com.test.Megneil.opteli.testScripts.SMSNotifications"/>
  <testcase name="appointmentConfirmation" time="6.229" classname="com.test.Megneil.opteli.testScripts.SMSNotifications"/>
  <testcase name="appointmentCancellation" time="6.203" classname="com.test.Megneil.opteli.testScripts.SMSNotifications"/>
  <testcase name="appointmentNoShow" time="6.188" classname="com.test.Megneil.opteli.testScripts.SMSNotifications"/>
  <testcase name="appointmentReminder" time="6.200" classname="com.test.Megneil.opteli.testScripts.SMSNotifications"/>
  <testcase name="appointmentReschedule" time="6.206" classname="com.test.Megneil.opteli.testScripts.SMSNotifications"/>
  <testcase name="postAppointmentThankYou" time="6.205" classname="com.test.Megneil.opteli.testScripts.SMSNotifications"/>
  <testcase name="toVerifyCheckboxEnabledorDisabled" time="0.172" classname="com.test.Megneil.opteli.testScripts.SMSNotifications"/>
</testsuite> <!-- com.test.Megneil.opteli.testScripts.SMSNotifications -->
