<?xml version="1.0" encoding="UTF-8"?>
<!-- Generated by org.testng.reporters.JUnitReportReporter -->
<testsuite hostname="WKS23" name="com.test.Megneil.opteli.testScripts.OpteliLogin" tests="8" failures="0" timestamp="28 Jan 2019 12:27:01 GMT" time="40.047" errors="0">
  <testcase name="loginToOpteli" time="5.151" classname="com.test.Megneil.opteli.testScripts.OpteliLogin"/>
  <testcase name="loginToOpteli" time="5.364" classname="com.test.Megneil.opteli.testScripts.OpteliLogin"/>
  <testcase name="loginToOpteli" time="5.540" classname="com.test.Megneil.opteli.testScripts.OpteliLogin"/>
  <testcase name="loginToOpteli" time="6.856" classname="com.test.Megneil.opteli.testScripts.OpteliLogin"/>
  <testcase name="loginToOpteli" time="4.657" classname="com.test.Megneil.opteli.testScripts.OpteliLogin"/>
  <testcase name="loginToOpteli" time="1.878" classname="com.test.Megneil.opteli.testScripts.OpteliLogin"/>
  <testcase name="loginToOpteli" time="5.152" classname="com.test.Megneil.opteli.testScripts.OpteliLogin"/>
  <testcase name="loginToOpteli" time="5.449" classname="com.test.Megneil.opteli.testScripts.OpteliLogin"/>
</testsuite> <!-- com.test.Megneil.opteli.testScripts.OpteliLogin -->
