<?xml version="1.0" encoding="UTF-8"?>
<!-- Generated by org.testng.reporters.JUnitReportReporter -->
<testsuite hostname="WKS23" name="com.test.Megneil.opteli.testScripts.TC002_SMSNotifications" tests="1" failures="0" timestamp="28 Jan 2019 08:44:01 GMT" time="64.452" errors="0">
  <testcase name="smsNotificationSettings" time="64.452" classname="com.test.Megneil.opteli.testScripts.TC002_SMSNotifications"/>
</testsuite> <!-- com.test.Megneil.opteli.testScripts.TC002_SMSNotifications -->
